<?xml version="1.0" encoding="UTF-8"?>
<testng-results ignored="1" total="6" passed="5" failed="0" skipped="0">
  <reporter-output>
  </reporter-output>
  <suite started-at="2024-08-05T16:41:27 IST" name="Suite" finished-at="2024-08-05T16:41:27 IST" duration-ms="80">
    <groups>
    </groups>
    <test started-at="2024-08-05T16:41:27 IST" name="Test" finished-at="2024-08-05T16:41:27 IST" duration-ms="80">
      <class name="pack1.PriorityExample">
        <test-method signature="testcase5()[pri:0, instance:pack1.PriorityExample@1ba9117e]" started-at="2024-08-05T16:41:27 IST" name="testcase5" finished-at="2024-08-05T16:41:27 IST" duration-ms="10" status="PASS">
          <reporter-output>
          </reporter-output>
        </test-method> <!-- testcase5 -->
        <test-method signature="testcase7()[pri:0, instance:pack1.PriorityExample@1ba9117e]" started-at="2024-08-05T16:41:27 IST" name="testcase7" finished-at="2024-08-05T16:41:27 IST" duration-ms="5" status="PASS">
          <reporter-output>
          </reporter-output>
        </test-method> <!-- testcase7 -->
        <test-method signature="testcase1()[pri:1, instance:pack1.PriorityExample@1ba9117e]" started-at="2024-08-05T16:41:27 IST" name="testcase1" finished-at="2024-08-05T16:41:27 IST" duration-ms="2" status="PASS">
          <reporter-output>
          </reporter-output>
        </test-method> <!-- testcase1 -->
        <test-method signature="testcase2()[pri:2, instance:pack1.PriorityExample@1ba9117e]" started-at="2024-08-05T16:41:27 IST" name="testcase2" finished-at="2024-08-05T16:41:27 IST" duration-ms="2" status="PASS">
          <reporter-output>
          </reporter-output>
        </test-method> <!-- testcase2 -->
        <test-method signature="testcase4()[pri:3, instance:pack1.PriorityExample@1ba9117e]" started-at="2024-08-05T16:41:27 IST" name="testcase4" finished-at="2024-08-05T16:41:27 IST" duration-ms="1" status="PASS">
          <reporter-output>
          </reporter-output>
        </test-method> <!-- testcase4 -->
      </class> <!-- pack1.PriorityExample -->
    </test> <!-- Test -->
  </suite> <!-- Suite -->
</testng-results>
