<?xml version="1.0" encoding="UTF-8"?>
<!-- Generated by org.testng.reporters.JUnitXMLReporter -->
<testsuite ignored="1" hostname="Jasprit" failures="0" tests="5" name="Default test" time="0.069" errors="0" timestamp="2024-08-05T16:40:18 IST">
  <testcase classname="pack1.PriorityExample" name="testcase5" time="0.008"/>
  <testcase classname="pack1.PriorityExample" name="testcase7" time="0.007"/>
  <testcase classname="pack1.PriorityExample" name="testcase1" time="0.002"/>
  <testcase classname="pack1.PriorityExample" name="testcase2" time="0.002"/>
  <testcase classname="pack1.PriorityExample" name="testcase4" time="0.001"/>
  <testcase classname="pack1.PriorityExample" name="testcase3" time="0.0">
    <ignored/>
  </testcase> <!-- testcase3 -->
</testsuite> <!-- Default test -->
